<?xml version="1.0" encoding="UTF-8"?>
<!-- Generated by org.testng.reporters.JUnitReportReporter -->
<testsuite hostname="DESKTOP-Q1AVERB" failures="0" tests="1" name="amazon.maven_project.TestCase1" time="24.984" errors="0" timestamp="2025-02-18T21:52:35 IST" skipped="0">
  <testcase classname="amazon.maven_project.TestCase1" name="amazon_login_logout" time="24.984"/>
  <system-out/>
</testsuite> <!-- amazon.maven_project.TestCase1 -->
