<?xml version="1.0" encoding="UTF-8"?>
<!-- Generated by org.testng.reporters.JUnitReportReporter -->
<testsuite hostname="DESKTOP-Q1AVERB" failures="0" tests="1" name="amazon.maven_project.Testcase3" time="29.415" errors="0" timestamp="2025-02-19T23:24:43 IST" skipped="0">
  <testcase classname="amazon.maven_project.Testcase3" name="productadd" time="29.415"/>
</testsuite> <!-- amazon.maven_project.Testcase3 -->
