<?xml version="1.0" encoding="UTF-8"?>
<!-- Generated by org.testng.reporters.JUnitReportReporter -->
<testsuite hostname="DESKTOP-Q1AVERB" failures="0" tests="1" name="amazon.maven_project.Testcase4" time="27.677" errors="0" timestamp="2025-02-19T00:41:18 IST" skipped="0">
  <testcase classname="amazon.maven_project.Testcase4" name="add_product_in_cart" time="27.677"/>
</testsuite> <!-- amazon.maven_project.Testcase4 -->
